<?xml version="1.0" encoding="UTF-8"?>
<Site BuildName="Linux-clang++"
	BuildStamp="20250220-1707-Experimental"
	Name="KatzenkisteMK2"
	Generator="ctest-3.22.1"
	CompilerName="/usr/bin/clang++"
	CompilerVersion="14.0.0"
	OSName="Linux"
	Hostname="KatzenkisteMK2"
	OSRelease="5.15.167.4-microsoft-standard-WSL2"
	OSVersion="#1 SMP Tue Nov 5 00:21:55 UTC 2024"
	OSPlatform="x86_64"
	Is64Bits="1"
	VendorString="GenuineIntel"
	VendorID="Intel Corporation"
	FamilyID="6"
	ModelID="167"
	ProcessorCacheSize="16384"
	NumberOfLogicalCPU="16"
	NumberOfPhysicalCPU="8"
	TotalVirtualMemory="2048"
	TotalPhysicalMemory="7824"
	LogicalProcessorsPerPhysical="2"
	ProcessorClockFrequency="2496"
	>
	<Testing>
		<StartDateTime>Feb 20 18:15 CET</StartDateTime>
		<StartTestTime>1740071734</StartTestTime>
		<TestList/>
		<EndDateTime>Feb 20 18:15 CET</EndDateTime>
		<EndTestTime>1740071734</EndTestTime>
		<ElapsedMinutes>0</ElapsedMinutes>
	</Testing>
</Site>
